make --dry-run --always-make --keep-going --print-directory
make: Entering directory '/home/coder/Documents/minishell'
mkdir -p ./objs/
mkdir -p ./objs/builtins/
mkdir -p ./objs/command/
mkdir -p ./objs/env/
mkdir -p ./objs/message/
mkdir -p ./objs/operators/
mkdir -p ./objs/parse/
mkdir -p ./objs/utils/
mkdir -p ./objs/main/
gcc  -I ./includes/ -I. -c srcs/main/main.c -o objs/main/main.o -lreadline
mkdir -p ./objs/
mkdir -p ./objs/builtins/
mkdir -p ./objs/command/
mkdir -p ./objs/env/
mkdir -p ./objs/message/
mkdir -p ./objs/operators/
mkdir -p ./objs/parse/
mkdir -p ./objs/utils/
mkdir -p ./objs/main/
gcc  -I ./includes/ -I. -c srcs/main/init.c -o objs/main/init.o -lreadline
mkdir -p ./objs/
mkdir -p ./objs/builtins/
mkdir -p ./objs/command/
mkdir -p ./objs/env/
mkdir -p ./objs/message/
mkdir -p ./objs/operators/
mkdir -p ./objs/parse/
mkdir -p ./objs/utils/
mkdir -p ./objs/main/
gcc  -I ./includes/ -I. -c srcs/main/clean_trash.c -o objs/main/clean_trash.o -lreadline
mkdir -p ./objs/
mkdir -p ./objs/builtins/
mkdir -p ./objs/command/
mkdir -p ./objs/env/
mkdir -p ./objs/message/
mkdir -p ./objs/operators/
mkdir -p ./objs/parse/
mkdir -p ./objs/utils/
mkdir -p ./objs/main/
gcc  -I ./includes/ -I. -c srcs/builtins/env.c -o objs/builtins/env.o -lreadline
mkdir -p ./objs/
 
mkdir -p ./objs/builtins/
mkdir -p ./objs/command/
mkdir -p ./objs/env/
mkdir -p ./objs/message/
mkdir -p ./objs/operators/
mkdir -p ./objs/parse/
mkdir -p ./objs/utils/
mkdir -p ./objs/main/
gcc  -I ./includes/ -I. -c srcs/builtins/check_builtin.c -o objs/builtins/check_builtin.o -lreadline
mkdir -p ./objs/
mkdir -p ./objs/builtins/
mkdir -p ./objs/command/
mkdir -p ./objs/env/
mkdir -p ./objs/message/
mkdir -p ./objs/operators/
mkdir -p ./objs/parse/
mkdir -p ./objs/utils/
mkdir -p ./objs/main/
gcc  -I ./includes/ -I. -c srcs/builtins/pwd.c -o objs/builtins/pwd.o -lreadline
mkdir -p ./objs/
mkdir -p ./objs/builtins/
mkdir -p ./objs/command/
mkdir -p ./objs/env/
mkdir -p ./objs/message/
mkdir -p ./objs/operators/
mkdir -p ./objs/parse/
mkdir -p ./objs/utils/
mkdir -p ./objs/main/
gcc  -I ./includes/ -I. -c srcs/builtins/cd.c -o objs/builtins/cd.o -lreadline
mkdir -p ./objs/
mkdir -p ./objs/builtins/
mkdir -p ./objs/command/
mkdir -p ./objs/env/
mkdir -p ./objs/message/
mkdir -p ./objs/operators/
mkdir -p ./objs/parse/
mkdir -p ./objs/utils/
mkdir -p ./objs/main/
gcc  -I ./includes/ -I. -c srcs/builtins/my_exit.c -o objs/builtins/my_exit.o -lreadline
mkdir -p ./objs/
mkdir -p ./objs/builtins/
mkdir -p ./objs/command/
mkdir -p ./objs/env/
mkdir -p ./objs/message/
mkdir -p ./objs/operators/
mkdir -p ./objs/parse/
mkdir -p ./objs/utils/
mkdir -p ./objs/main/
gcc  -I ./includes/ -I. -c srcs/builtins/echo.c -o objs/builtins/echo.o -lreadline
mkdir -p ./objs/
mkdir -p ./objs/builtins/
mkdir -p ./objs/command/
mkdir -p ./objs/env/
mkdir -p ./objs/message/
mkdir -p ./objs/operators/
mkdir -p ./objs/parse/
mkdir -p ./objs/utils/
mkdir -p ./objs/main/
gcc  -I ./includes/ -I. -c srcs/command/execute_command.c -o objs/command/execute_command.o -lreadline
mkdir -p ./objs/
mkdir -p ./objs/builtins/
mkdir -p ./objs/command/
mkdir -p ./objs/env/
mkdir -p ./objs/message/
mkdir -p ./objs/operators/
mkdir -p ./objs/parse/
mkdir -p ./objs/utils/
mkdir -p ./objs/main/
gcc  -I ./includes/ -I. -c srcs/command/helper_command.c -o objs/command/helper_command.o -lreadline
mkdir -p ./objs/
mkdir -p ./objs/builtins/
mkdir -p ./objs/command/
mkdir -p ./objs/env/
mkdir -p ./objs/message/
mkdir -p ./objs/operators/
mkdir -p ./objs/parse/
mkdir -p ./objs/utils/
mkdir -p ./objs/main/
gcc  -I ./includes/ -I. -c srcs/command/check_command.c -o objs/command/check_command.o -lreadline
mkdir -p ./objs/
mkdir -p ./objs/builtins/
mkdir -p ./objs/command/
mkdir -p ./objs/env/
mkdir -p ./objs/message/
mkdir -p ./objs/operators/
mkdir -p ./objs/parse/
mkdir -p ./objs/utils/
mkdir -p ./objs/main/
gcc  -I ./includes/ -I. -c srcs/command/relations.c -o objs/command/relations.o -lreadline
mkdir -p ./objs/
mkdir -p ./objs/builtins/
mkdir -p ./objs/command/
mkdir -p ./objs/env/
mkdir -p ./objs/message/
mkdir -p ./objs/operators/
mkdir -p ./objs/parse/
mkdir -p ./objs/utils/
mkdir -p ./objs/main/
gcc  -I ./includes/ -I. -c srcs/command/exec_helper.c -o objs/command/exec_helper.o -lreadline
mkdir -p ./objs/
mkdir -p ./objs/builtins/
mkdir -p ./objs/command/
mkdir -p ./objs/env/
mkdir -p ./objs/message/
mkdir -p ./objs/operators/
mkdir -p ./objs/parse/
mkdir -p ./objs/utils/
mkdir -p ./objs/main/
gcc  -I ./includes/ -I. -c srcs/env/create_env.c -o objs/env/create_env.o -lreadline
mkdir -p ./objs/
mkdir -p ./objs/builtins/
mkdir -p ./objs/command/
mkdir -p ./objs/env/
mkdir -p ./objs/message/
mkdir -p ./objs/operators/
mkdir -p ./objs/parse/
mkdir -p ./objs/utils/
mkdir -p ./objs/main/
gcc  -I ./includes/ -I. -c srcs/env/get_matrix.c -o objs/env/get_matrix.o -lreadline
mkdir -p ./objs/
 
mkdir -p ./objs/builtins/
mkdir -p ./objs/command/
mkdir -p ./objs/env/
mkdir -p ./objs/message/
mkdir -p ./objs/operators/
mkdir -p ./objs/parse/
mkdir -p ./objs/utils/
mkdir -p ./objs/main/
gcc  -I ./includes/ -I. -c srcs/message/errors.c -o objs/message/errors.o -lreadline
mkdir -p ./objs/
mkdir -p ./objs/builtins/
mkdir -p ./objs/command/
mkdir -p ./objs/env/
mkdir -p ./objs/message/
mkdir -p ./objs/operators/
mkdir -p ./objs/parse/
mkdir -p ./objs/utils/
mkdir -p ./objs/main/
gcc  -I ./includes/ -I. -c srcs/operators/pipe.c -o objs/operators/pipe.o -lreadline
mkdir -p ./objs/
mkdir -p ./objs/builtins/
mkdir -p ./objs/command/
mkdir -p ./objs/env/
mkdir -p ./objs/message/
mkdir -p ./objs/operators/
mkdir -p ./objs/parse/
mkdir -p ./objs/utils/
mkdir -p ./objs/main/
gcc  -I ./includes/ -I. -c srcs/operators/redirect.c -o objs/operators/redirect.o -lreadline
mkdir -p ./objs/
mkdir -p ./objs/builtins/
mkdir -p ./objs/command/
mkdir -p ./objs/env/
mkdir -p ./objs/message/
mkdir -p ./objs/operators/
mkdir -p ./objs/parse/
mkdir -p ./objs/utils/
mkdir -p ./objs/main/
gcc  -I ./includes/ -I. -c srcs/operators/signal.c -o objs/operators/signal.o -lreadline
mkdir -p ./objs/
mkdir -p ./objs/builtins/
mkdir -p ./objs/command/
mkdir -p ./objs/env/
mkdir -p ./objs/message/
mkdir -p ./objs/operators/
mkdir -p ./objs/parse/
mkdir -p ./objs/utils/
mkdir -p ./objs/main/
gcc  -I ./includes/ -I. -c srcs/operators/redirect_helper.c -o objs/operators/redirect_helper.o -lreadline
mkdir -p ./objs/
mkdir -p ./objs/builtins/
mkdir -p ./objs/command/
mkdir -p ./objs/env/
mkdir -p ./objs/message/
mkdir -p ./objs/operators/
mkdir -p ./objs/parse/
mkdir -p ./objs/utils/
mkdir -p ./objs/main/
gcc  -I ./includes/ -I. -c srcs/parse/parse_string.c -o objs/parse/parse_string.o -lreadline
mkdir -p ./objs/
mkdir -p ./objs/builtins/
mkdir -p ./objs/command/
mkdir -p ./objs/env/
mkdir -p ./objs/message/
mkdir -p ./objs/operators/
mkdir -p ./objs/parse/
mkdir -p ./objs/utils/
mkdir -p ./objs/main/
gcc  -I ./includes/ -I. -c srcs/parse/parse_quotes.c -o objs/parse/parse_quotes.o -lreadline
mkdir -p ./objs/
mkdir -p ./objs/builtins/
mkdir -p ./objs/command/
mkdir -p ./objs/env/
mkdir -p ./objs/message/
mkdir -p ./objs/operators/
mkdir -p ./objs/parse/
mkdir -p ./objs/utils/
mkdir -p ./objs/main/
gcc  -I ./includes/ -I. -c srcs/parse/get_path.c -o objs/parse/get_path.o -lreadline
mkdir -p ./objs/
mkdir -p ./objs/builtins/
mkdir -p ./objs/command/
mkdir -p ./objs/env/
mkdir -p ./objs/message/
mkdir -p ./objs/operators/
mkdir -p ./objs/parse/
mkdir -p ./objs/utils/
mkdir -p ./objs/main/
gcc  -I ./includes/ -I. -c srcs/parse/expand_vars.c -o objs/parse/expand_vars.o -lreadline
mkdir -p ./objs/
mkdir -p ./objs/builtins/
mkdir -p ./objs/command/
mkdir -p ./objs/env/
mkdir -p ./objs/message/
mkdir -p ./objs/operators/
mkdir -p ./objs/parse/
mkdir -p ./objs/utils/
mkdir -p ./objs/main/
gcc  -I ./includes/ -I. -c srcs/parse/check_grammar.c -o objs/parse/check_grammar.o -lreadline
mkdir -p ./objs/
mkdir -p ./objs/builtins/
mkdir -p ./objs/command/
mkdir -p ./objs/env/
mkdir -p ./objs/message/
mkdir -p ./objs/operators/
mkdir -p ./objs/parse/
mkdir -p ./objs/utils/
mkdir -p ./objs/main/
gcc  -I ./includes/ -I. -c srcs/utils/ft_bzero.c -o objs/utils/ft_bzero.o -lreadline
mkdir -p ./objs/
mkdir -p ./objs/builtins/
mkdir -p ./objs/command/
mkdir -p ./objs/env/
mkdir -p ./objs/message/
mkdir -p ./objs/operators/
mkdir -p ./objs/parse/
mkdir -p ./objs/utils/
mkdir -p ./objs/main/
gcc  -I ./includes/ -I. -c srcs/utils/ft_calloc.c -o objs/utils/ft_calloc.o -lreadline
mkdir -p ./objs/
mkdir -p ./objs/builtins/
mkdir -p ./objs/command/
mkdir -p ./objs/env/
mkdir -p ./objs/message/
mkdir -p ./objs/operators/
mkdir -p ./objs/parse/
mkdir -p ./objs/utils/
mkdir -p ./objs/main/
gcc  -I ./includes/ -I. -c srcs/utils/ft_split.c -o objs/utils/ft_split.o -lreadline
mkdir -p ./objs/
mkdir -p ./objs/builtins/
mkdir -p ./objs/command/
mkdir -p ./objs/env/
mkdir -p ./objs/message/
mkdir -p ./objs/operators/
mkdir -p ./objs/parse/
mkdir -p ./objs/utils/
mkdir -p ./objs/main/
gcc  -I ./includes/ -I. -c srcs/utils/ft_strdup.c -o objs/utils/ft_strdup.o -lreadline
mkdir -p ./objs/
mkdir -p ./objs/builtins/
mkdir -p ./objs/command/
mkdir -p ./objs/env/
mkdir -p ./objs/message/
mkdir -p ./objs/operators/
mkdir -p ./objs/parse/
mkdir -p ./objs/utils/
mkdir -p ./objs/main/
gcc  -I ./includes/ -I. -c srcs/utils/ft_strjoin.c -o objs/utils/ft_strjoin.o -lreadline
mkdir -p ./objs/
mkdir -p ./objs/builtins/
mkdir -p ./objs/command/
mkdir -p ./objs/env/
mkdir -p ./objs/message/
mkdir -p ./objs/operators/
mkdir -p ./objs/parse/
mkdir -p ./objs/utils/
mkdir -p ./objs/main/
gcc  -I ./includes/ -I. -c srcs/utils/ft_strlen.c -o objs/utils/ft_strlen.o -lreadline
mkdir -p ./objs/
mkdir -p ./objs/builtins/
mkdir -p ./objs/command/
mkdir -p ./objs/env/
mkdir -p ./objs/message/
mkdir -p ./objs/operators/
mkdir -p ./objs/parse/
mkdir -p ./objs/utils/
mkdir -p ./objs/main/
gcc  -I ./includes/ -I. -c srcs/utils/ft_strncmp.c -o objs/utils/ft_strncmp.o -lreadline
mkdir -p ./objs/
mkdir -p ./objs/builtins/
mkdir -p ./objs/command/
mkdir -p ./objs/env/
mkdir -p ./objs/message/
mkdir -p ./objs/operators/
mkdir -p ./objs/parse/
mkdir -p ./objs/utils/
mkdir -p ./objs/main/
gcc  -I ./includes/ -I. -c srcs/utils/ft_strtrim.c -o objs/utils/ft_strtrim.o -lreadline
mkdir -p ./objs/
mkdir -p ./objs/builtins/
mkdir -p ./objs/command/
mkdir -p ./objs/env/
mkdir -p ./objs/message/
mkdir -p ./objs/operators/
mkdir -p ./objs/parse/
mkdir -p ./objs/utils/
mkdir -p ./objs/main/
gcc  -I ./includes/ -I. -c srcs/utils/ft_substr.c -o objs/utils/ft_substr.o -lreadline
mkdir -p ./objs/
mkdir -p ./objs/builtins/
mkdir -p ./objs/command/
mkdir -p ./objs/env/
mkdir -p ./objs/message/
mkdir -p ./objs/operators/
mkdir -p ./objs/parse/
mkdir -p ./objs/utils/
mkdir -p ./objs/main/
gcc  -I ./includes/ -I. -c srcs/utils/get_next_line.c -o objs/utils/get_next_line.o -lreadline
mkdir -p ./objs/
mkdir -p ./objs/builtins/
mkdir -p ./objs/command/
mkdir -p ./objs/env/
mkdir -p ./objs/message/
mkdir -p ./objs/operators/
mkdir -p ./objs/parse/
mkdir -p ./objs/utils/
mkdir -p ./objs/main/
gcc  -I ./includes/ -I. -c srcs/utils/handler_final_file.c -o objs/utils/handler_final_file.o -lreadline
mkdir -p ./objs/
mkdir -p ./objs/builtins/
mkdir -p ./objs/command/
mkdir -p ./objs/env/
mkdir -p ./objs/message/
mkdir -p ./objs/operators/
mkdir -p ./objs/parse/
mkdir -p ./objs/utils/
mkdir -p ./objs/main/
gcc  -I ./includes/ -I. -c srcs/utils/is_in.c -o objs/utils/is_in.o -lreadline
mkdir -p ./objs/
mkdir -p ./objs/builtins/
mkdir -p ./objs/command/
mkdir -p ./objs/env/
mkdir -p ./objs/message/
mkdir -p ./objs/operators/
mkdir -p ./objs/parse/
mkdir -p ./objs/utils/
mkdir -p ./objs/main/
gcc  -I ./includes/ -I. -c srcs/utils/close_fd.c -o objs/utils/close_fd.o -lreadline
mkdir -p ./objs/
mkdir -p ./objs/builtins/
mkdir -p ./objs/command/
mkdir -p ./objs/env/
mkdir -p ./objs/message/
mkdir -p ./objs/operators/
mkdir -p ./objs/parse/
mkdir -p ./objs/utils/
mkdir -p ./objs/main/
gcc  -I ./includes/ -I. -c srcs/utils/ft_atoi.c -o objs/utils/ft_atoi.o -lreadline
mkdir -p ./objs/
mkdir -p ./objs/builtins/
mkdir -p ./objs/command/
mkdir -p ./objs/env/
mkdir -p ./objs/message/
mkdir -p ./objs/operators/
mkdir -p ./objs/parse/
mkdir -p ./objs/utils/
mkdir -p ./objs/main/
gcc  -I ./includes/ -I. -c srcs/utils/ft_itoa.c -o objs/utils/ft_itoa.o -lreadline
mkdir -p ./objs/
mkdir -p ./objs/builtins/
mkdir -p ./objs/command/
mkdir -p ./objs/env/
mkdir -p ./objs/message/
mkdir -p ./objs/operators/
mkdir -p ./objs/parse/
mkdir -p ./objs/utils/
mkdir -p ./objs/main/
gcc  -I ./includes/ -I. -c srcs/utils/ft_strlcpy.c -o objs/utils/ft_strlcpy.o -lreadline
gcc  -I ./includes/ ./objs/*/*.o -o minishell -lreadline
make: Leaving directory '/home/coder/Documents/minishell'
 
